[2025-11-30 03:14:11,825] Running step: step_qonnx_to_finn [1/10]
[2025-11-30 03:14:11,846] /home/changhong/prj/finn_cli_fork/deps/qonnx/src/qonnx/transformation/gemm_to_matmul.py:57: UserWarning: The GemmToMatMul transformation only offers explicit support for version 9 of the Gemm node, but the ONNX version of the supplied model is 17. Thus the transformation may fail or return incomplete results.
[2025-11-30 03:14:11,846]   warnings.warn(
[2025-11-30 03:14:11,882] /home/changhong/prj/finn_cli_fork/src/finn/transformation/qonnx/qonnx_activation_handlers.py:575: UserWarning: No layout annotations for Quant_0_out0: Assuming channel dimension at index 1
[2025-11-30 03:14:11,882]   warnings.warn(
[2025-11-30 03:14:11,882] /home/changhong/prj/finn_cli_fork/src/finn/transformation/qonnx/qonnx_activation_handlers.py:412: UserWarning: No layout annotations for Quant_4_out0: Assuming channel dimension at index 1
[2025-11-30 03:14:11,882]   warnings.warn(
[2025-11-30 03:14:11,883] /home/changhong/prj/finn_cli_fork/src/finn/transformation/qonnx/qonnx_activation_handlers.py:412: UserWarning: No layout annotations for Quant_5_out0: Assuming channel dimension at index 1
[2025-11-30 03:14:11,883]   warnings.warn(
[2025-11-30 03:14:11,891] Running step: step_tidy_up [2/10]
[2025-11-30 03:14:11,904] Running step: step_streamline [3/10]
[2025-11-30 03:14:12,271] /home/changhong/prj/finn_cli_fork/deps/qonnx/src/qonnx/transformation/infer_data_layouts.py:136: UserWarning: Assuming 2D input is NC
[2025-11-30 03:14:12,272]   warnings.warn("Assuming 2D input is NC")
[2025-11-30 03:14:12,274] Running step: step_convert_to_hw [4/10]
[2025-11-30 03:14:12,281] Running step: step_create_dataflow_partition [5/10]
[2025-11-30 03:14:12,284] Running step: step_specialize_layers [6/10]
[2025-11-30 03:14:12,288] Running step: step_target_fps_parallelization [7/10]
[2025-11-30 03:14:12,293] Running step: step_apply_folding_config [8/10]
[2025-11-30 03:14:12,293] Running step: step_minimize_bit_width [9/10]
[2025-11-30 03:14:12,306] Running step: step_generate_estimate_reports [10/10]
